0 info it worked if it ends with ok
1 verbose cli [ '/usr/bin/node', '/usr/bin/npm', 'run', 'dev' ]
2 info using npm@3.5.2
3 info using node@v8.10.0
4 verbose run-script [ 'predev', 'dev', 'postdev' ]
5 info lifecycle cover-php@0.2.0~predev: cover-php@0.2.0
6 silly lifecycle cover-php@0.2.0~predev: no script for predev, continuing
7 info lifecycle cover-php@0.2.0~dev: cover-php@0.2.0
8 verbose lifecycle cover-php@0.2.0~dev: unsafe-perm in lifecycle true
9 verbose lifecycle cover-php@0.2.0~dev: PATH: /usr/share/npm/bin/node-gyp-bin:/mnt/c/Users/deea_/Desktop/Cover/cover-php/node_modules/.bin:/usr/local/sbin:/usr/local/bin:/usr/sbin:/usr/bin:/sbin:/bin:/usr/games:/usr/local/games:/mnt/d/Rtools/bin:/mnt/c/ProgramData/Oracle/Java/javapath_target_3204515:/mnt/c/Windows/System32:/mnt/c/Windows:/mnt/c/Windows/System32/wbem:/mnt/c/Windows/System32/WindowsPowerShell/v1.0:/mnt/c/Program Files/Git/cmd:/mnt/c/Program Files/Git/mingw64/bin:/mnt/c/Program Files/Git/usr/bin:/mnt/c/php:/mnt/c/ProgramData/ComposerSetup/bin:/mnt/c/Program Files/PostgreSQL/10/bin:/mnt/c/Program Files/PostgreSQL/10/lib:/mnt/e/node:/mnt/e/SUMO/bin:/mnt/e/SUMO/tools:/mnt/e/python/Scripts:/mnt/e/python:/mnt/e/:/mnt/c/Users/deea_/AppData/Local/Microsoft/WindowsApps:/mnt/c/Users/deea_/AppData/Local/atom/bin:/mnt/c/Users/deea_/AppData/Local/Programs/MiKTeX 2.9/miktex/bin/x64:/mnt/f/some programs/Microsoft VS Code/bin:/mnt/d/pycharm/PyCharm Community Edition 2019.2/bin:/mnt/c/Users/deea_/AppData/Roaming/npm:/snap/bin
10 verbose lifecycle cover-php@0.2.0~dev: CWD: /mnt/c/Users/deea_/Desktop/Cover/cover-php
11 silly lifecycle cover-php@0.2.0~dev: Args: [ '-c',
11 silly lifecycle   'webpack --config webpack.config.js --mode development --watch' ]
12 info lifecycle cover-php@0.2.0~dev: Failed to exec dev script
13 verbose stack Error: cover-php@0.2.0 dev: `webpack --config webpack.config.js --mode development --watch`
13 verbose stack spawn ENOENT
13 verbose stack     at ChildProcess.<anonymous> (/usr/share/npm/lib/utils/spawn.js:17:16)
13 verbose stack     at emitTwo (events.js:126:13)
13 verbose stack     at ChildProcess.emit (events.js:214:7)
13 verbose stack     at maybeClose (internal/child_process.js:925:16)
13 verbose stack     at Process.ChildProcess._handle.onexit (internal/child_process.js:209:5)
14 verbose pkgid cover-php@0.2.0
15 verbose cwd /mnt/c/Users/deea_/Desktop/Cover/cover-php
16 error Linux 4.4.0-43-Microsoft
17 error argv "/usr/bin/node" "/usr/bin/npm" "run" "dev"
18 error node v8.10.0
19 error npm  v3.5.2
20 error file sh
21 error code ELIFECYCLE
22 error errno ENOENT
23 error syscall spawn
24 error cover-php@0.2.0 dev: `webpack --config webpack.config.js --mode development --watch`
24 error spawn ENOENT
25 error Failed at the cover-php@0.2.0 dev script 'webpack --config webpack.config.js --mode development --watch'.
25 error Make sure you have the latest version of node.js and npm installed.
25 error If you do, this is most likely a problem with the cover-php package,
25 error not with npm itself.
25 error Tell the author that this fails on your system:
25 error     webpack --config webpack.config.js --mode development --watch
25 error You can get information on how to open an issue for this project with:
25 error     npm bugs cover-php
25 error Or if that isn't available, you can get their info via:
25 error     npm owner ls cover-php
25 error There is likely additional logging output above.
26 verbose exit [ 1, true ]
